Using pre-set license
Built from '2020.3/release' branch; Version is '2020.3.15f2 (6cf78cb77498) revision 7141260'; Using compiler version '192528614'; Build Type 'Release'
OS: 'Windows 10 Home; OS build 22000.434; Version 2009; 64bit' Language: 'en' Physical Memory: 8026 MB
BatchMode: 1, IsHumanControllingUs: 0, StartBugReporterOnCrash: 0, Is64bit: 1, IsPro: 0

 COMMAND LINE ARGUMENTS:
C:\Program Files\Unity\Hub\Editor\2020.3.15f2\Editor\Unity.exe
-adb2
-batchMode
-noUpm
-name
AssetImportWorker3
-projectPath
D:/Unity Games/Skele-Pedia
-logFile
Logs/AssetImportWorker3.log
-srvPort
57532
Successfully changed project path to: D:/Unity Games/Skele-Pedia
D:/Unity Games/Skele-Pedia
Using Asset Import Pipeline V2.
Refreshing native plugins compatible for Editor in 88.44 ms, found 9 plugins.
Preloading 1 native plugins for Editor in 2.07 ms.
Initialize engine version: 2020.3.15f2 (6cf78cb77498)
[Subsystems] Discovering subsystems at path C:/Program Files/Unity/Hub/Editor/2020.3.15f2/Editor/Data/Resources/UnitySubsystems
[Subsystems] Discovering subsystems at path D:/Unity Games/Skele-Pedia/Assets
GfxDevice: creating device client; threaded=0
Direct3D:
    Version:  Direct3D 11.0 [level 11.1]
    Renderer: Intel(R) UHD Graphics 620 (ID=0x5917)
    Vendor:   
    VRAM:     4013 MB
    Driver:   25.20.100.6617
Initialize mono
Mono path[0] = 'C:/Program Files/Unity/Hub/Editor/2020.3.15f2/Editor/Data/Managed'
Mono path[1] = 'C:/Program Files/Unity/Hub/Editor/2020.3.15f2/Editor/Data/MonoBleedingEdge/lib/mono/unityjit'
Mono config path = 'C:/Program Files/Unity/Hub/Editor/2020.3.15f2/Editor/Data/MonoBleedingEdge/etc'
Using monoOptions --debugger-agent=transport=dt_socket,embedding=1,server=y,suspend=n,address=127.0.0.1:56664
Begin MonoManager ReloadAssembly
Registering precompiled unity dll's ...
Register platform support module: C:/Program Files/Unity/Hub/Editor/2020.3.15f2/Editor/Data/PlaybackEngines/WebGLSupport/UnityEditor.WebGL.Extensions.dll
Register platform support module: C:/Program Files/Unity/Hub/Editor/2020.3.15f2/Editor/Data/PlaybackEngines/WindowsStandaloneSupport/UnityEditor.WindowsStandalone.Extensions.dll
Registered in 0.003691 seconds.
Native extension for WindowsStandalone target not found
Native extension for WebGL target not found
Refreshing native plugins compatible for Editor in 71.89 ms, found 9 plugins.
Preloading 1 native plugins for Editor in 0.14 ms.
Mono: successfully reloaded assembly
- Completed reload, in  3.575 seconds
Domain Reload Profiling:
	ReloadAssembly (3576ms)
		BeginReloadAssembly (153ms)
			ExecutionOrderSort (0ms)
			DisableScriptedObjects (0ms)
			BackupInstance (0ms)
			ReleaseScriptingObjects (0ms)
			CreateAndSetChildDomain (2ms)
		EndReloadAssembly (772ms)
			LoadAssemblies (148ms)
			RebuildTransferFunctionScriptingTraits (0ms)
			SetupTypeCache (312ms)
			ReleaseScriptCaches (0ms)
			RebuildScriptCaches (50ms)
			SetupLoadedEditorAssemblies (286ms)
				LogAssemblyErrors (0ms)
				InitializePlatformSupportModulesInManaged (8ms)
				SetLoadedEditorAssemblies (0ms)
				RefreshPlugins (72ms)
				BeforeProcessingInitializeOnLoad (13ms)
				ProcessInitializeOnLoadAttributes (147ms)
				ProcessInitializeOnLoadMethodAttributes (46ms)
				AfterProcessingInitializeOnLoad (0ms)
				EditorAssembliesLoaded (0ms)
			ExecutionOrderSort2 (0ms)
			AwakeInstancesAfterBackupRestoration (0ms)
Platform modules already initialized, skipping
Registering precompiled user dll's ...
Registered in 0.011730 seconds.
Begin MonoManager ReloadAssembly
Native extension for WindowsStandalone target not found
Native extension for WebGL target not found
Refreshing native plugins compatible for Editor in 138.58 ms, found 9 plugins.
Preloading 1 native plugins for Editor in 0.21 ms.
CreateSerializedAsset is not supported while importing out-of-process
UnityEngine.StackTraceUtility:ExtractStackTrace ()
UnityEditor.XR.Management.EditorUtilities:CreateScriptableObjectInstance (string,string) (at Library/PackageCache/com.unity.xr.management@4.0.6/Editor/EditorUtilities.cs:102)
UnityEditor.XR.Management.XRPackageInitializationBootstrap:InitializeLoaderFromMetadata (string,System.Collections.Generic.List`1<UnityEditor.XR.Management.Metadata.IXRLoaderMetadata>) (at Library/PackageCache/com.unity.xr.management@4.0.6/Editor/XRPackageInitialization.cs:152)
UnityEditor.XR.Management.XRPackageInitializationBootstrap:InitializePackageFromMetadata (UnityEditor.XR.Management.Metadata.IXRPackage,UnityEditor.XR.Management.Metadata.IXRPackageMetadata) (at Library/PackageCache/com.unity.xr.management@4.0.6/Editor/XRPackageInitialization.cs:129)
UnityEditor.XR.Management.XRPackageInitializationBootstrap:InitPackage (UnityEditor.XR.Management.Metadata.IXRPackage) (at Library/PackageCache/com.unity.xr.management@4.0.6/Editor/XRPackageInitialization.cs:118)
UnityEditor.XR.Management.XRPackageInitializationBootstrap:BeginPackageInitialization () (at Library/PackageCache/com.unity.xr.management@4.0.6/Editor/XRPackageInitialization.cs:87)
UnityEditor.XR.Management.XRPackageInitializationBootstrap:.cctor () (at Library/PackageCache/com.unity.xr.management@4.0.6/Editor/XRPackageInitialization.cs:50)
System.Runtime.CompilerServices.RuntimeHelpers:RunClassConstructor (System.RuntimeTypeHandle)
UnityEditor.EditorAssemblies:ProcessInitializeOnLoadAttributes (System.Type[])

[Library/PackageCache/com.unity.xr.management@4.0.6/Editor/EditorUtilities.cs line 102]

UnityEngine.UnityException: Creating asset at path Assets\XR\Loaders\Magic Leap Loader.asset failed.
  at (wrapper managed-to-native) UnityEditor.AssetDatabase.CreateAsset(UnityEngine.Object,string)
  at UnityEditor.XR.Management.EditorUtilities.CreateScriptableObjectInstance (System.String typeName, System.String path) [0x00031] in D:\Unity Games\Skele-Pedia\Library\PackageCache\com.unity.xr.management@4.0.6\Editor\EditorUtilities.cs:102 
  at UnityEditor.XR.Management.XRPackageInitializationBootstrap.InitializeLoaderFromMetadata (System.String packageName, System.Collections.Generic.List`1[T] loaderMetadatas) [0x0004e] in D:\Unity Games\Skele-Pedia\Library\PackageCache\com.unity.xr.management@4.0.6\Editor\XRPackageInitialization.cs:152 
  at UnityEditor.XR.Management.XRPackageInitializationBootstrap.InitializePackageFromMetadata (UnityEditor.XR.Management.Metadata.IXRPackage package, UnityEditor.XR.Management.Metadata.IXRPackageMetadata packageMetadata) [0x00001] in D:\Unity Games\Skele-Pedia\Library\PackageCache\com.unity.xr.management@4.0.6\Editor\XRPackageInitialization.cs:129 
  at UnityEditor.XR.Management.XRPackageInitializationBootstrap.InitPackage (UnityEditor.XR.Management.Metadata.IXRPackage package) [0x00030] in D:\Unity Games\Skele-Pedia\Library\PackageCache\com.unity.xr.management@4.0.6\Editor\XRPackageInitialization.cs:118 
  at UnityEditor.XR.Management.XRPackageInitializationBootstrap.BeginPackageInitialization () [0x0008f] in D:\Unity Games\Skele-Pedia\Library\PackageCache\com.unity.xr.management@4.0.6\Editor\XRPackageInitialization.cs:87 
  at UnityEditor.XR.Management.XRPackageInitializationBootstrap..cctor () [0x00030] in D:\Unity Games\Skele-Pedia\Library\PackageCache\com.unity.xr.management@4.0.6\Editor\XRPackageInitialization.cs:50 
UnityEngine.StackTraceUtility:ExtractStackTrace ()
UnityEngine.DebugLogHandler:LogFormat (UnityEngine.LogType,UnityEngine.Object,string,object[])
UnityEngine.Logger:Log (UnityEngine.LogType,object)
UnityEngine.Debug:LogError (object)
UnityEditor.EditorAssemblies:ProcessInitializeOnLoadAttributes (System.Type[])

Mono: successfully reloaded assembly
- Completed reload, in  4.431 seconds
Domain Reload Profiling:
	ReloadAssembly (4469ms)
		BeginReloadAssembly (511ms)
			ExecutionOrderSort (0ms)
			DisableScriptedObjects (19ms)
			BackupInstance (0ms)
			ReleaseScriptingObjects (0ms)
			CreateAndSetChildDomain (54ms)
		EndReloadAssembly (3660ms)
			LoadAssemblies (340ms)
			RebuildTransferFunctionScriptingTraits (0ms)
			SetupTypeCache (1373ms)
			ReleaseScriptCaches (1ms)
			RebuildScriptCaches (135ms)
			SetupLoadedEditorAssemblies (1412ms)
				LogAssemblyErrors (0ms)
				InitializePlatformSupportModulesInManaged (14ms)
				SetLoadedEditorAssemblies (1ms)
				RefreshPlugins (139ms)
				BeforeProcessingInitializeOnLoad (281ms)
				ProcessInitializeOnLoadAttributes (938ms)
				ProcessInitializeOnLoadMethodAttributes (11ms)
				AfterProcessingInitializeOnLoad (27ms)
				EditorAssembliesLoaded (1ms)
			ExecutionOrderSort2 (0ms)
			AwakeInstancesAfterBackupRestoration (27ms)
Platform modules already initialized, skipping
========================================================================
Worker process is ready to serve import requests
Launched and connected shader compiler UnityShaderCompiler.exe after 0.17 seconds
Refreshing native plugins compatible for Editor in 0.79 ms, found 9 plugins.
Preloading 1 native plugins for Editor in 0.12 ms.
Unloading 2149 Unused Serialized files (Serialized files now loaded: 0)
System memory in use before: 88.0 MB.
System memory in use after: 88.0 MB.

Unloading 22 unused Assets to reduce memory usage. Loaded Objects now: 2582.
Total: 15.087100 ms (FindLiveObjects: 0.632300 ms CreateObjectMapping: 0.282000 ms MarkObjects: 13.625800 ms  DeleteObjects: 0.543200 ms)

AssetImportParameters requested are different than current active one (requested -> active):
  custom:framework-win-MediaFoundation: 216162199b28c13a410421893ffa2e32 -> 
  custom:video-decoder-ogg-theora: a1e56fd34408186e4bbccfd4996cb3dc -> 
  custom:container-muxer-webm: aa71ff27fc2769a1b78a27578f13a17b -> 
  custom:container-demuxer-webm: 4f35f7cbe854078d1ac9338744f61a02 -> 
  custom:container-demuxer-ogg: 62fdf1f143b41e24485cea50d1cbac27 -> 
  custom:video-encoder-webm-vp8: eb34c28f22e8b96e1ab97ce403110664 -> 
  custom:video-codec-MediaFoundation-h265: 746d11721c4dcdbdad8f713fa42b33f4 -> 
  custom:video-decoder-webm-vp8: 9c59270c3fd7afecdb556c50c9e8de78 -> 
  custom:audio-decoder-ogg-vorbis: bf7c407c2cedff20999df2af8eb42d56 -> 
  custom:audio-encoder-webm-vorbis: bf7c407c2cedff20999df2af8eb42d56 -> 
========================================================================
Received Import Request.
  path: Assets/Scenes/Skeleton.unity
  artifactKey: Guid(6bdce89659816455b9f906fc62d19910) Importer(815301076,1909f56bfc062723c751e8b465ee728b)
Start importing Assets/Scenes/Skeleton.unity using Guid(6bdce89659816455b9f906fc62d19910) Importer(815301076,1909f56bfc062723c751e8b465ee728b)  -> (artifact id: 'e582cca58db0fb838b0cea53461898ff') in 0.058784 seconds 
  Import took 0.067637 seconds .

========================================================================
Received Import Request.
  Time since last request: 399.972317 seconds.
  path: Assets/Model
  artifactKey: Guid(a077313457274194386c215dc5934059) Importer(815301076,1909f56bfc062723c751e8b465ee728b)
Start importing Assets/Model using Guid(a077313457274194386c215dc5934059) Importer(815301076,1909f56bfc062723c751e8b465ee728b)  -> (artifact id: '07a39ad370150c4ae2877891c6cfbf3a') in 0.043193 seconds 
  Import took 0.140283 seconds .

========================================================================
Received Import Request.
  Time since last request: 6.241723 seconds.
  path: Assets/Models
  artifactKey: Guid(a077313457274194386c215dc5934059) Importer(815301076,1909f56bfc062723c751e8b465ee728b)
Start importing Assets/Models using Guid(a077313457274194386c215dc5934059) Importer(815301076,1909f56bfc062723c751e8b465ee728b)  -> (artifact id: '3b483f6e4ae776abfd2a4eb41ecd07c8') in 0.047749 seconds 
  Import took 0.061576 seconds .

========================================================================
Received Import Request.
  Time since last request: 24.699867 seconds.
  path: Assets/Scenes
  artifactKey: Guid(fea2b03111fd44c01a102c644b335bab) Importer(815301076,1909f56bfc062723c751e8b465ee728b)
Start importing Assets/Scenes using Guid(fea2b03111fd44c01a102c644b335bab) Importer(815301076,1909f56bfc062723c751e8b465ee728b)  -> (artifact id: '78484d8e5b2a00b4eca3f07d82403aa7') in 0.061720 seconds 
  Import took 0.070206 seconds .

========================================================================
Received Import Request.
  Time since last request: 17.439260 seconds.
  path: Assets/Scenes/Skele Trivia.unity
  artifactKey: Guid(96376f906521e6046933cc4d10558add) Importer(815301076,1909f56bfc062723c751e8b465ee728b)
Start importing Assets/Scenes/Skele Trivia.unity using Guid(96376f906521e6046933cc4d10558add) Importer(815301076,1909f56bfc062723c751e8b465ee728b)  -> (artifact id: '2c4560e5b860ae9102c3f8d087588069') in 0.037665 seconds 
  Import took 0.045126 seconds .

========================================================================
Received Import Request.
  Time since last request: 311.357929 seconds.
  path: Assets/Models/Full Skeleon.fbx
  artifactKey: Guid(9616e2039e83d5848a1cb7134236fcc4) Importer(815301076,1909f56bfc062723c751e8b465ee728b)
Start importing Assets/Models/Full Skeleon.fbx using Guid(9616e2039e83d5848a1cb7134236fcc4) Importer(815301076,1909f56bfc062723c751e8b465ee728b)  -> (artifact id: 'dbf1c1dc566d6f78de39f20dbe0d6b81') in 1.550176 seconds 
  Import took 1.562632 seconds .

========================================================================
Received Import Request.
  Time since last request: 0.240136 seconds.
  path: Assets/Models/Full Skeleon.fbx
  artifactKey: Guid(9616e2039e83d5848a1cb7134236fcc4) Importer(815301076,1909f56bfc062723c751e8b465ee728b)
Start importing Assets/Models/Full Skeleon.fbx using Guid(9616e2039e83d5848a1cb7134236fcc4) Importer(815301076,1909f56bfc062723c751e8b465ee728b)  -> (artifact id: 'dbf1c1dc566d6f78de39f20dbe0d6b81') in 0.301677 seconds 
  Import took 0.346260 seconds .

========================================================================
Received Import Request.
  Time since last request: 28.695755 seconds.
  path: Assets/Models/skeleton
  artifactKey: Guid(74e52915009e90843870a87518150ecf) Importer(815301076,1909f56bfc062723c751e8b465ee728b)
Start importing Assets/Models/skeleton using Guid(74e52915009e90843870a87518150ecf) Importer(815301076,1909f56bfc062723c751e8b465ee728b)  -> (artifact id: '53109d203ac2839fe0e9b4e7158568fe') in 0.034381 seconds 
  Import took 0.050579 seconds .

========================================================================
Received Import Request.
  Time since last request: 33.535749 seconds.
  path: Assets/Models/SubTool-0-3517926.OBJ
  artifactKey: Guid(f83c1f845e783544fa401fdb4fb7f2dc) Importer(815301076,1909f56bfc062723c751e8b465ee728b)
Start importing Assets/Models/SubTool-0-3517926.OBJ using Guid(f83c1f845e783544fa401fdb4fb7f2dc) Importer(815301076,1909f56bfc062723c751e8b465ee728b)  -> (artifact id: '407ac489764a3a943637035f0e6d9110') in 0.782216 seconds 
  Import took 0.798291 seconds .

========================================================================
Received Import Request.
  Time since last request: 0.000342 seconds.
  path: Assets/XR/XRGeneralSettings.asset
  artifactKey: Guid(58f40b12bbc864f3c96c6505a9a1e1e3) Importer(815301076,1909f56bfc062723c751e8b465ee728b)
Start importing Assets/XR/XRGeneralSettings.asset using Guid(58f40b12bbc864f3c96c6505a9a1e1e3) Importer(815301076,1909f56bfc062723c751e8b465ee728b)  -> (artifact id: '4591566b4eacd27e78df7b5958c4b668') in 0.186986 seconds 
  Import took 0.196959 seconds .

========================================================================
Received Import Request.
  Time since last request: 254.677579 seconds.
  path: Assets/Scenes/Interactive Game.unity
  artifactKey: Guid(cadec14d3cfd75a44acac115fb6e7e86) Importer(815301076,1909f56bfc062723c751e8b465ee728b)
Start importing Assets/Scenes/Interactive Game.unity using Guid(cadec14d3cfd75a44acac115fb6e7e86) Importer(815301076,1909f56bfc062723c751e8b465ee728b)  -> (artifact id: '7f1c643a442a4b13a29a1f03ed3a119a') in 0.042335 seconds 
  Import took 0.056498 seconds .

========================================================================
Received Import Request.
  Time since last request: 76.334491 seconds.
  path: Assets/ExampleAssets/Scenes/SampleScene.unity
  artifactKey: Guid(9fc0d4010bbf28b4594072e72b8655ab) Importer(815301076,1909f56bfc062723c751e8b465ee728b)
Start importing Assets/ExampleAssets/Scenes/SampleScene.unity using Guid(9fc0d4010bbf28b4594072e72b8655ab) Importer(815301076,1909f56bfc062723c751e8b465ee728b)  -> (artifact id: 'fc675fc51a0d218e2a2f69dc858e114c') in 0.038813 seconds 
  Import took 0.049769 seconds .

========================================================================
Received Import Request.
  Time since last request: 21.276226 seconds.
  path: Assets/ExampleAssets/Scenes/Skeleton.unity
  artifactKey: Guid(9fc0d4010bbf28b4594072e72b8655ab) Importer(815301076,1909f56bfc062723c751e8b465ee728b)
Start importing Assets/ExampleAssets/Scenes/Skeleton.unity using Guid(9fc0d4010bbf28b4594072e72b8655ab) Importer(815301076,1909f56bfc062723c751e8b465ee728b)  -> (artifact id: '7e77d5efd2263a1d2dfa30d6170b888d') in 0.047165 seconds 
  Import took 0.060499 seconds .

AssetImportWorkerClient::OnTransportError - code=2 error=End of file
